This is pdfTeX, Version 3.14159265-2.6-1.40.16 (TeX Live 2015/Arch Linux) (preloaded format=pdflatex 2015.12.7)  24 FEB 2016 15:59
entering extended mode
 restricted \write18 enabled.
 %&-line parsing enabled.
**Vogel_HW3.tex
(./Vogel_HW3.tex
LaTeX2e <2015/10/01> patch level 2
Babel <3.9m> and hyphenation patterns for 79 languages loaded.
(/usr/share/texmf-dist/tex/latex/base/article.cls
Document Class: article 2014/09/29 v1.4h Standard LaTeX document class
(/usr/share/texmf-dist/tex/latex/base/size10.clo
File: size10.clo 2014/09/29 v1.4h Standard LaTeX file (size option)
)
\c@part=\count79
\c@section=\count80
\c@subsection=\count81
\c@subsubsection=\count82
\c@paragraph=\count83
\c@subparagraph=\count84
\c@figure=\count85
\c@table=\count86
\abovecaptionskip=\skip41
\belowcaptionskip=\skip42
\bibindent=\dimen102
)
(/usr/share/texmf-dist/tex/latex/geometry/geometry.sty
Package: geometry 2010/09/12 v5.6 Page Geometry

(/usr/share/texmf-dist/tex/latex/graphics/keyval.sty
Package: keyval 2014/10/28 v1.15 key=value parser (DPC)
\KV@toks@=\toks14
)
(/usr/share/texmf-dist/tex/generic/oberdiek/ifpdf.sty
Package: ifpdf 2011/01/30 v2.3 Provides the ifpdf switch (HO)
Package ifpdf Info: pdfTeX in PDF mode is detected.
)
(/usr/share/texmf-dist/tex/generic/oberdiek/ifvtex.sty
Package: ifvtex 2010/03/01 v1.5 Detect VTeX and its facilities (HO)
Package ifvtex Info: VTeX not detected.
)
(/usr/share/texmf-dist/tex/generic/ifxetex/ifxetex.sty
Package: ifxetex 2010/09/12 v0.6 Provides ifxetex conditional
)
\Gm@cnth=\count87
\Gm@cntv=\count88
\c@Gm@tempcnt=\count89
\Gm@bindingoffset=\dimen103
\Gm@wd@mp=\dimen104
\Gm@odd@mp=\dimen105
\Gm@even@mp=\dimen106
\Gm@layoutwidth=\dimen107
\Gm@layoutheight=\dimen108
\Gm@layouthoffset=\dimen109
\Gm@layoutvoffset=\dimen110
\Gm@dimlist=\toks15
)
(/usr/share/texmf-dist/tex/latex/amsmath/amsmath.sty
Package: amsmath 2013/01/14 v2.14 AMS math features
\@mathmargin=\skip43

For additional information on amsmath, use the `?' option.
(/usr/share/texmf-dist/tex/latex/amsmath/amstext.sty
Package: amstext 2000/06/29 v2.01

(/usr/share/texmf-dist/tex/latex/amsmath/amsgen.sty
File: amsgen.sty 1999/11/30 v2.0
\@emptytoks=\toks16
\ex@=\dimen111
))
(/usr/share/texmf-dist/tex/latex/amsmath/amsbsy.sty
Package: amsbsy 1999/11/29 v1.2d
\pmbraise@=\dimen112
)
(/usr/share/texmf-dist/tex/latex/amsmath/amsopn.sty
Package: amsopn 1999/12/14 v2.01 operator names
)
\inf@bad=\count90
LaTeX Info: Redefining \frac on input line 210.
\uproot@=\count91
\leftroot@=\count92
LaTeX Info: Redefining \overline on input line 306.
\classnum@=\count93
\DOTSCASE@=\count94
LaTeX Info: Redefining \ldots on input line 378.
LaTeX Info: Redefining \dots on input line 381.
LaTeX Info: Redefining \cdots on input line 466.
\Mathstrutbox@=\box26
\strutbox@=\box27
\big@size=\dimen113
LaTeX Font Info:    Redeclaring font encoding OML on input line 566.
LaTeX Font Info:    Redeclaring font encoding OMS on input line 567.
\macc@depth=\count95
\c@MaxMatrixCols=\count96
\dotsspace@=\muskip10
\c@parentequation=\count97
\dspbrk@lvl=\count98
\tag@help=\toks17
\row@=\count99
\column@=\count100
\maxfields@=\count101
\andhelp@=\toks18
\eqnshift@=\dimen114
\alignsep@=\dimen115
\tagshift@=\dimen116
\tagwidth@=\dimen117
\totwidth@=\dimen118
\lineht@=\dimen119
\@envbody=\toks19
\multlinegap=\skip44
\multlinetaggap=\skip45
\mathdisplay@stack=\toks20
LaTeX Info: Redefining \[ on input line 2665.
LaTeX Info: Redefining \] on input line 2666.
)
(/usr/share/texmf-dist/tex/latex/amsfonts/amsfonts.sty
Package: amsfonts 2013/01/14 v3.01 Basic AMSFonts support
\symAMSa=\mathgroup4
\symAMSb=\mathgroup5
LaTeX Font Info:    Overwriting math alphabet `\mathfrak' in version `bold'
(Font)                  U/euf/m/n --> U/euf/b/n on input line 106.
)
(/usr/share/texmf-dist/tex/latex/graphics/graphicx.sty
Package: graphicx 2014/10/28 v1.0g Enhanced LaTeX Graphics (DPC,SPQR)

(/usr/share/texmf-dist/tex/latex/graphics/graphics.sty
Package: graphics 2014/10/28 v1.0p Standard LaTeX Graphics (DPC,SPQR)

(/usr/share/texmf-dist/tex/latex/graphics/trig.sty
Package: trig 1999/03/16 v1.09 sin cos tan (DPC)
)
(/usr/share/texmf-dist/tex/latex/latexconfig/graphics.cfg
File: graphics.cfg 2010/04/23 v1.9 graphics configuration of TeX Live
)
Package graphics Info: Driver file: pdftex.def on input line 94.

(/usr/share/texmf-dist/tex/latex/pdftex-def/pdftex.def
File: pdftex.def 2011/05/27 v0.06d Graphics/color for pdfTeX

(/usr/share/texmf-dist/tex/generic/oberdiek/infwarerr.sty
Package: infwarerr 2010/04/08 v1.3 Providing info/warning/error messages (HO)
)
(/usr/share/texmf-dist/tex/generic/oberdiek/ltxcmds.sty
Package: ltxcmds 2011/11/09 v1.22 LaTeX kernel commands for general use (HO)
)
\Gread@gobject=\count102
))
\Gin@req@height=\dimen120
\Gin@req@width=\dimen121
)
(/usr/share/texmf-dist/tex/latex/float/float.sty
Package: float 2001/11/08 v1.3d Float enhancements (AL)
\c@float@type=\count103
\float@exts=\toks21
\float@box=\box28
\@float@everytoks=\toks22
\@floatcapt=\box29
)
(/usr/share/texmf-dist/tex/latex/listings/listings.sty
\lst@mode=\count104
\lst@gtempboxa=\box30
\lst@token=\toks23
\lst@length=\count105
\lst@currlwidth=\dimen122
\lst@column=\count106
\lst@pos=\count107
\lst@lostspace=\dimen123
\lst@width=\dimen124
\lst@newlines=\count108
\lst@lineno=\count109
\lst@maxwidth=\dimen125

(/usr/share/texmf-dist/tex/latex/listings/lstmisc.sty
File: lstmisc.sty 2015/06/04 1.6 (Carsten Heinz)
\c@lstnumber=\count110
\lst@skipnumbers=\count111
\lst@framebox=\box31
)
(/usr/share/texmf-dist/tex/latex/listings/listings.cfg
File: listings.cfg 2015/06/04 1.6 listings configuration
))
Package: listings 2015/06/04 1.6 (Carsten Heinz)

(/usr/share/texmf-dist/tex/latex/graphics/color.sty
Package: color 2014/10/28 v1.1a Standard LaTeX Color (DPC)

(/usr/share/texmf-dist/tex/latex/latexconfig/color.cfg
File: color.cfg 2007/01/18 v1.5 color configuration of teTeX/TeXLive
)
Package color Info: Driver file: pdftex.def on input line 142.
)
(/usr/share/texmf-dist/tex/latex/listings/lstlang1.sty
File: lstlang1.sty 2015/06/04 1.6 listings language file
) (./Vogel_HW3.aux)
\openout1 = `Vogel_HW3.aux'.

LaTeX Font Info:    Checking defaults for OML/cmm/m/it on input line 38.
LaTeX Font Info:    ... okay on input line 38.
LaTeX Font Info:    Checking defaults for T1/cmr/m/n on input line 38.
LaTeX Font Info:    ... okay on input line 38.
LaTeX Font Info:    Checking defaults for OT1/cmr/m/n on input line 38.
LaTeX Font Info:    ... okay on input line 38.
LaTeX Font Info:    Checking defaults for OMS/cmsy/m/n on input line 38.
LaTeX Font Info:    ... okay on input line 38.
LaTeX Font Info:    Checking defaults for OMX/cmex/m/n on input line 38.
LaTeX Font Info:    ... okay on input line 38.
LaTeX Font Info:    Checking defaults for U/cmr/m/n on input line 38.
LaTeX Font Info:    ... okay on input line 38.

*geometry* driver: auto-detecting
*geometry* detected driver: pdftex
*geometry* verbose mode - [ preamble ] result:
* driver: pdftex
* paper: <default>
* layout: <same size as paper>
* layoutoffset:(h,v)=(0.0pt,0.0pt)
* modes: 
* h-part:(L,W,R)=(72.26999pt, 469.75502pt, 72.26999pt)
* v-part:(T,H,B)=(72.26999pt, 650.43001pt, 72.26999pt)
* \paperwidth=614.295pt
* \paperheight=794.96999pt
* \textwidth=469.75502pt
* \textheight=650.43001pt
* \oddsidemargin=0.0pt
* \evensidemargin=0.0pt
* \topmargin=-37.0pt
* \headheight=12.0pt
* \headsep=25.0pt
* \topskip=10.0pt
* \footskip=30.0pt
* \marginparwidth=65.0pt
* \marginparsep=11.0pt
* \columnsep=10.0pt
* \skip\footins=9.0pt plus 4.0pt minus 2.0pt
* \hoffset=0.0pt
* \voffset=0.0pt
* \mag=1000
* \@twocolumnfalse
* \@twosidefalse
* \@mparswitchfalse
* \@reversemarginfalse
* (1in=72.27pt=25.4mm, 1cm=28.453pt)

(/usr/share/texmf-dist/tex/context/base/supp-pdf.mkii
[Loading MPS to PDF converter (version 2006.09.02).]
\scratchcounter=\count112
\scratchdimen=\dimen126
\scratchbox=\box32
\nofMPsegments=\count113
\nofMParguments=\count114
\everyMPshowfont=\toks24
\MPscratchCnt=\count115
\MPscratchDim=\dimen127
\MPnumerator=\count116
\makeMPintoPDFobject=\count117
\everyMPtoPDFconversion=\toks25
) (/usr/share/texmf-dist/tex/generic/oberdiek/pdftexcmds.sty
Package: pdftexcmds 2011/11/29 v0.20 Utility functions of pdfTeX for LuaTeX (HO
)

(/usr/share/texmf-dist/tex/generic/oberdiek/ifluatex.sty
Package: ifluatex 2010/03/01 v1.3 Provides the ifluatex switch (HO)
Package ifluatex Info: LuaTeX not detected.
)
Package pdftexcmds Info: LuaTeX not detected.
Package pdftexcmds Info: \pdf@primitive is available.
Package pdftexcmds Info: \pdf@ifprimitive is available.
Package pdftexcmds Info: \pdfdraftmode found.
)
(/usr/share/texmf-dist/tex/latex/oberdiek/epstopdf-base.sty
Package: epstopdf-base 2010/02/09 v2.5 Base part for package epstopdf

(/usr/share/texmf-dist/tex/latex/oberdiek/grfext.sty
Package: grfext 2010/08/19 v1.1 Manage graphics extensions (HO)

(/usr/share/texmf-dist/tex/generic/oberdiek/kvdefinekeys.sty
Package: kvdefinekeys 2011/04/07 v1.3 Define keys (HO)
))
(/usr/share/texmf-dist/tex/latex/oberdiek/kvoptions.sty
Package: kvoptions 2011/06/30 v3.11 Key value format for package options (HO)

(/usr/share/texmf-dist/tex/generic/oberdiek/kvsetkeys.sty
Package: kvsetkeys 2012/04/25 v1.16 Key value parser (HO)

(/usr/share/texmf-dist/tex/generic/oberdiek/etexcmds.sty
Package: etexcmds 2011/02/16 v1.5 Avoid name clashes with e-TeX commands (HO)
Package etexcmds Info: Could not find \expanded.
(etexcmds)             That can mean that you are not using pdfTeX 1.50 or
(etexcmds)             that some package has redefined \expanded.
(etexcmds)             In the latter case, load this package earlier.
)))
Package grfext Info: Graphics extension search list:
(grfext)             [.png,.pdf,.jpg,.mps,.jpeg,.jbig2,.jb2,.PNG,.PDF,.JPG,.JPE
G,.JBIG2,.JB2,.eps]
(grfext)             \AppendGraphicsExtensions on input line 452.

(/usr/share/texmf-dist/tex/latex/latexconfig/epstopdf-sys.cfg
File: epstopdf-sys.cfg 2010/07/13 v1.3 Configuration of (r)epstopdf for TeX Liv
e
))
\c@lstlisting=\count118
LaTeX Font Info:    Try loading font information for U+msa on input line 39.

(/usr/share/texmf-dist/tex/latex/amsfonts/umsa.fd
File: umsa.fd 2013/01/14 v3.01 AMS symbols A
)
LaTeX Font Info:    Try loading font information for U+msb on input line 39.

(/usr/share/texmf-dist/tex/latex/amsfonts/umsb.fd
File: umsb.fd 2013/01/14 v3.01 AMS symbols B
)
Underfull \hbox (badness 10000) in paragraph at lines 45--46

 []


Underfull \hbox (badness 10000) in paragraph at lines 73--74

 []

[1

{/var/lib/texmf/fonts/map/pdftex/updmap/pdftex.map}]
Underfull \hbox (badness 10000) in paragraph at lines 83--84

 []


Underfull \hbox (badness 10000) in paragraph at lines 91--92

 []


Underfull \hbox (badness 10000) in paragraph at lines 95--96

 []


Underfull \hbox (badness 10000) in paragraph at lines 102--104

 []

[2] <PR3_1.png, id=21, 901.86937pt x 795.72281pt>
File: PR3_1.png Graphic file (type png)
 <use PR3_1.png>
Package pdftex.def Info: PR3_1.png used on input line 113.
(pdftex.def)             Requested size: 281.85587pt x 248.68704pt.

<PR3_2.png, id=22, 421.575pt x 316.18124pt>
File: PR3_2.png Graphic file (type png)
 <use PR3_2.png>
Package pdftex.def Info: PR3_2.png used on input line 123.
(pdftex.def)             Requested size: 281.85587pt x 211.39647pt.
 [3 <./PR3_1.png (PNG copy)>] <PR3_3.png, id=26, 421.575pt x 316.18124pt>
File: PR3_3.png Graphic file (type png)
 <use PR3_3.png>
Package pdftex.def Info: PR3_3.png used on input line 133.
(pdftex.def)             Requested size: 281.85587pt x 211.39647pt.

<PR3_4.png, id=27, 421.575pt x 316.18124pt>
File: PR3_4.png Graphic file (type png)
 <use PR3_4.png>
Package pdftex.def Info: PR3_4.png used on input line 142.
(pdftex.def)             Requested size: 281.85587pt x 211.39647pt.
 [4 <./PR3_2.png (PNG copy)> <./PR3_3.png (PNG copy)>] <PR3_5.png, id=31, 421.5
75pt x 316.18124pt>
File: PR3_5.png Graphic file (type png)

<use PR3_5.png>
Package pdftex.def Info: PR3_5.png used on input line 151.
(pdftex.def)             Requested size: 281.85587pt x 211.39647pt.

Underfull \hbox (badness 10000) in paragraph at lines 155--156

 []

<PR3_6.png, id=32, 421.575pt x 316.18124pt>
File: PR3_6.png Graphic file (type png)
 <use PR3_6.png>
Package pdftex.def Info: PR3_6.png used on input line 161.
(pdftex.def)             Requested size: 281.85587pt x 211.39647pt.
 [5 <./PR3_4.png (PNG copy)> <./PR3_5.png (PNG copy)>]
Underfull \hbox (badness 10000) in paragraph at lines 165--166

 []

<PR3_7.png, id=36, 421.575pt x 316.18124pt>
File: PR3_7.png Graphic file (type png)
 <use PR3_7.png>
Package pdftex.def Info: PR3_7.png used on input line 170.
(pdftex.def)             Requested size: 281.85587pt x 211.39647pt.

<PR3_amp.png, id=37, 421.575pt x 316.18124pt>
File: PR3_amp.png Graphic file (type png)
 <use PR3_amp.png>
Package pdftex.def Info: PR3_amp.png used on input line 179.
(pdftex.def)             Requested size: 375.80544pt x 281.85875pt.

<PR3_1phase.png, id=38, 421.575pt x 316.18124pt>
File: PR3_1phase.png Graphic file (type png)
 <use PR3_1phase.png>
Package pdftex.def Info: PR3_1phase.png used on input line 183.
(pdftex.def)             Requested size: 375.80544pt x 281.85875pt.
 [6 <./PR3_6.png (PNG copy)> <./PR3_7.png (PNG copy)>]
<PR3_2amp.png, id=42, 421.575pt x 316.18124pt>
File: PR3_2amp.png Graphic file (type png)
 <use PR3_2amp.png>
Package pdftex.def Info: PR3_2amp.png used on input line 188.
(pdftex.def)             Requested size: 375.80544pt x 281.85875pt.

<PR3_2phase.png, id=43, 421.575pt x 316.18124pt>
File: PR3_2phase.png Graphic file (type png)
 <use PR3_2phase.png>
Package pdftex.def Info: PR3_2phase.png used on input line 192.
(pdftex.def)             Requested size: 375.80544pt x 281.85875pt.
 [7 <./PR3_amp.png (PNG copy)> <./PR3_1phase.png (PNG copy)>]
<PR3_3amp.png, id=48, 421.575pt x 316.18124pt>
File: PR3_3amp.png Graphic file (type png)
 <use PR3_3amp.png>
Package pdftex.def Info: PR3_3amp.png used on input line 197.
(pdftex.def)             Requested size: 375.80544pt x 281.85875pt.

<PR3_3phase.png, id=49, 421.575pt x 316.18124pt>
File: PR3_3phase.png Graphic file (type png)
 <use PR3_3phase.png>
Package pdftex.def Info: PR3_3phase.png used on input line 201.
(pdftex.def)             Requested size: 375.80544pt x 281.85875pt.
 [8 <./PR3_2amp.png (PNG copy)> <./PR3_2phase.png (PNG copy)>]
<PR3_4amp.png, id=53, 421.575pt x 316.18124pt>
File: PR3_4amp.png Graphic file (type png)
 <use PR3_4amp.png>
Package pdftex.def Info: PR3_4amp.png used on input line 206.
(pdftex.def)             Requested size: 375.80544pt x 281.85875pt.

<PR3_4phase.png, id=54, 421.575pt x 316.18124pt>
File: PR3_4phase.png Graphic file (type png)
 <use PR3_4phase.png>
Package pdftex.def Info: PR3_4phase.png used on input line 210.
(pdftex.def)             Requested size: 375.80544pt x 281.85875pt.
 [9 <./PR3_3amp.png (PNG copy)> <./PR3_3phase.png (PNG copy)>]
<PR3_5amp.png, id=58, 421.575pt x 316.18124pt>
File: PR3_5amp.png Graphic file (type png)
 <use PR3_5amp.png>
Package pdftex.def Info: PR3_5amp.png used on input line 215.
(pdftex.def)             Requested size: 375.80544pt x 281.85875pt.

<PR3_5phase.png, id=59, 421.575pt x 316.18124pt>
File: PR3_5phase.png Graphic file (type png)
 <use PR3_5phase.png>
Package pdftex.def Info: PR3_5phase.png used on input line 219.
(pdftex.def)             Requested size: 375.80544pt x 281.85875pt.
 [10 <./PR3_4amp.png (PNG copy)> <./PR3_4phase.png (PNG copy)>]
<PR3_6amp.png, id=63, 421.575pt x 316.18124pt>
File: PR3_6amp.png Graphic file (type png)
 <use PR3_6amp.png>
Package pdftex.def Info: PR3_6amp.png used on input line 224.
(pdftex.def)             Requested size: 375.80544pt x 281.85875pt.

<PR3_6phase.png, id=64, 421.575pt x 316.18124pt>
File: PR3_6phase.png Graphic file (type png)
 <use PR3_6phase.png>
Package pdftex.def Info: PR3_6phase.png used on input line 228.
(pdftex.def)             Requested size: 375.80544pt x 281.85875pt.
 [11 <./PR3_5amp.png (PNG copy)> <./PR3_5phase.png (PNG copy)>]
<PR3_7amp.png, id=68, 421.575pt x 316.18124pt>
File: PR3_7amp.png Graphic file (type png)
 <use PR3_7amp.png>
Package pdftex.def Info: PR3_7amp.png used on input line 233.
(pdftex.def)             Requested size: 375.80544pt x 281.85875pt.

<PR3_7phase.png, id=69, 421.575pt x 316.18124pt>
File: PR3_7phase.png Graphic file (type png)
 <use PR3_7phase.png>
Package pdftex.def Info: PR3_7phase.png used on input line 237.
(pdftex.def)             Requested size: 375.80544pt x 281.85875pt.
 [12 <./PR3_6amp.png (PNG copy)> <./PR3_6phase.png (PNG copy)>] [13 <./PR3_7amp
.png (PNG copy)> <./PR3_7phase.png (PNG copy)>]
Underfull \hbox (badness 10000) in paragraph at lines 247--248

 []


Underfull \hbox (badness 10000) in paragraph at lines 255--256

 []


Underfull \hbox (badness 10000) in paragraph at lines 261--262

 []


Underfull \hbox (badness 10000) in paragraph at lines 271--272

 []


Underfull \hbox (badness 10000) in paragraph at lines 273--274

 []

[14]
Underfull \hbox (badness 10000) in paragraph at lines 275--276

 []


Underfull \hbox (badness 10000) in paragraph at lines 285--286

 []


Underfull \hbox (badness 10000) in paragraph at lines 295--296

 []


Underfull \hbox (badness 10000) in paragraph at lines 302--303

 []

[15]
Underfull \hbox (badness 10000) in paragraph at lines 308--309

 []


Underfull \hbox (badness 10000) in paragraph at lines 322--323

 []


Underfull \hbox (badness 10000) in paragraph at lines 329--331

 []

[16]
Underfull \hbox (badness 10000) in paragraph at lines 341--344

 []


Overfull \hbox (0.41658pt too wide) detected at line 346
[] \OT1/cmr/m/n/10 = [] = [] = []
 []


Underfull \hbox (badness 10000) in paragraph at lines 353--355

 []

[17]
LaTeX Font Info:    Try loading font information for OMS+cmr on input line 376.

 (/usr/share/texmf-dist/tex/latex/base/omscmr.fd
File: omscmr.fd 2014/09/29 v2.5h Standard LaTeX font definitions
)
LaTeX Font Info:    Font shape `OMS/cmr/m/n' in size <10> not available
(Font)              Font shape `OMS/cmsy/m/n' tried instead on input line 376.

Underfull \hbox (badness 10000) in paragraph at lines 380--381

 []

<Pr7_t1.png, id=91, 1250.42157pt x 957.5775pt>
File: Pr7_t1.png Graphic file (type png)
 <use Pr7_t1.png>
Package pdftex.def Info: Pr7_t1.png used on input line 395.
(pdftex.def)             Requested size: 375.80544pt x 287.78687pt.

<PR7_t25.png, id=92, 1100.61188pt x 727.96968pt>
File: PR7_t25.png Graphic file (type png)
 <use PR7_t25.png>
Package pdftex.def Info: PR7_t25.png used on input line 400.
(pdftex.def)             Requested size: 375.80544pt x 248.56166pt.
 [18]
<PR7_t75.png, id=96, 1119.43219pt x 790.45313pt>
File: PR7_t75.png Graphic file (type png)
 <use PR7_t75.png>
Package pdftex.def Info: PR7_t75.png used on input line 405.
(pdftex.def)             Requested size: 375.80544pt x 265.36127pt.
 [19 <./Pr7_t1.png (PNG copy)>]
Underfull \hbox (badness 10000) in paragraph at lines 411--412

 []

[20 <./PR7_t25.png (PNG copy)> <./PR7_t75.png (PNG copy)>]
Underfull \hbox (badness 10000) in paragraph at lines 416--417

 []


Underfull \hbox (badness 10000) in paragraph at lines 423--424

 []

(./pr3.m [21]) (./pr7.m [22]) [23] (./Vogel_HW3.aux) ) 
Here is how much of TeX's memory you used:
 4768 strings out of 493054
 64385 string characters out of 6140586
 250578 words of memory out of 5000000
 8199 multiletter control sequences out of 15000+600000
 11503 words of font info for 45 fonts, out of 8000000 for 9000
 1141 hyphenation exceptions out of 8191
 38i,10n,40p,509b,1975s stack positions out of 5000i,500n,10000p,200000b,80000s
</usr/share/texmf-dist/fo
nts/type1/public/amsfonts/cm/cmbx10.pfb></usr/share/texmf-dist/fonts/type1/publ
ic/amsfonts/cm/cmbx12.pfb></usr/share/texmf-dist/fonts/type1/public/amsfonts/cm
/cmex10.pfb></usr/share/texmf-dist/fonts/type1/public/amsfonts/cm/cmmi10.pfb></
usr/share/texmf-dist/fonts/type1/public/amsfonts/cm/cmmi5.pfb></usr/share/texmf
-dist/fonts/type1/public/amsfonts/cm/cmmi7.pfb></usr/share/texmf-dist/fonts/typ
e1/public/amsfonts/cm/cmr10.pfb></usr/share/texmf-dist/fonts/type1/public/amsfo
nts/cm/cmr12.pfb></usr/share/texmf-dist/fonts/type1/public/amsfonts/cm/cmr17.pf
b></usr/share/texmf-dist/fonts/type1/public/amsfonts/cm/cmr5.pfb></usr/share/te
xmf-dist/fonts/type1/public/amsfonts/cm/cmr7.pfb></usr/share/texmf-dist/fonts/t
ype1/public/amsfonts/cm/cmsy10.pfb></usr/share/texmf-dist/fonts/type1/public/am
sfonts/cm/cmsy5.pfb></usr/share/texmf-dist/fonts/type1/public/amsfonts/cm/cmsy7
.pfb>
Output written on Vogel_HW3.pdf (23 pages, 683447 bytes).
PDF statistics:
 158 PDF objects out of 1000 (max. 8388607)
 94 compressed objects within 1 object stream
 0 named destinations out of 1000 (max. 500000)
 121 words of extra memory for PDF output out of 10000 (max. 10000000)

